<?xml version="1.0" encoding="UTF-8"?>
<testng-results skipped="0" failed="1" ignored="0" total="3" passed="2">
  <reporter-output>
  </reporter-output>
  <suite name="Default suite" duration-ms="28705" started-at="2019-11-15T19:32:50 IST" finished-at="2019-11-15T19:33:19 IST">
    <groups>
    </groups>
    <test name="Default test" duration-ms="28705" started-at="2019-11-15T19:32:50 IST" finished-at="2019-11-15T19:33:19 IST">
      <class name="myproject.tests.LoginPage1Test">
        <test-method status="PASS" signature="setUp()[pri:0, instance:myproject.tests.LoginPage1Test@1f554b06]" name="setUp" is-config="true" duration-ms="8020" started-at="2019-11-15T19:32:50 IST" finished-at="2019-11-15T19:32:58 IST">
          <reporter-output>
          </reporter-output>
        </test-method> <!-- setUp -->
        <test-method status="FAIL" signature="validateLogin()[pri:0, instance:myproject.tests.LoginPage1Test@1f554b06]" name="validateLogin" duration-ms="4121" started-at="2019-11-15T19:32:58 IST" finished-at="2019-11-15T19:33:02 IST">
          <exception class="java.lang.NullPointerException">
            <full-stacktrace>
              <![CDATA[java.lang.NullPointerException
at myproject.tests.HomePageTests.validateWelComeLinkPresent(HomePageTests.java:36)
at myproject.tests.LoginPage1Test.validateLogin(LoginPage1Test.java:50)
at sun.reflect.NativeMethodAccessorImpl.invoke0(Native Method)
at sun.reflect.NativeMethodAccessorImpl.invoke(Unknown Source)
at sun.reflect.DelegatingMethodAccessorImpl.invoke(Unknown Source)
at java.lang.reflect.Method.invoke(Unknown Source)
at org.testng.internal.MethodInvocationHelper.invokeMethod(MethodInvocationHelper.java:133)
at org.testng.internal.TestInvoker.invokeMethod(TestInvoker.java:584)
at org.testng.internal.TestInvoker.invokeTestMethod(TestInvoker.java:172)
at org.testng.internal.MethodRunner.runInSequence(MethodRunner.java:46)
at org.testng.internal.TestInvoker$MethodInvocationAgent.invoke(TestInvoker.java:804)
at org.testng.internal.TestInvoker.invokeTestMethods(TestInvoker.java:145)
at org.testng.internal.TestMethodWorker.invokeTestMethods(TestMethodWorker.java:146)
at org.testng.internal.TestMethodWorker.run(TestMethodWorker.java:128)
at java.util.ArrayList.forEach(Unknown Source)
at org.testng.TestRunner.privateRun(TestRunner.java:770)
at org.testng.TestRunner.run(TestRunner.java:591)
at org.testng.SuiteRunner.runTest(SuiteRunner.java:402)
at org.testng.SuiteRunner.runSequentially(SuiteRunner.java:396)
at org.testng.SuiteRunner.privateRun(SuiteRunner.java:355)
at org.testng.SuiteRunner.run(SuiteRunner.java:304)
at org.testng.SuiteRunnerWorker.runSuite(SuiteRunnerWorker.java:53)
at org.testng.SuiteRunnerWorker.run(SuiteRunnerWorker.java:96)
at org.testng.TestNG.runSuitesSequentially(TestNG.java:1180)
at org.testng.TestNG.runSuitesLocally(TestNG.java:1102)
at org.testng.TestNG.runSuites(TestNG.java:1032)
at org.testng.TestNG.run(TestNG.java:1000)
at org.testng.remote.AbstractRemoteTestNG.run(AbstractRemoteTestNG.java:115)
at org.testng.remote.RemoteTestNG.initAndRun(RemoteTestNG.java:251)
at org.testng.remote.RemoteTestNG.main(RemoteTestNG.java:77)
]]>
            </full-stacktrace>
          </exception> <!-- java.lang.NullPointerException -->
          <reporter-output>
          </reporter-output>
        </test-method> <!-- validateLogin -->
        <test-method status="PASS" signature="tearDown()[pri:0, instance:myproject.tests.LoginPage1Test@1f554b06]" name="tearDown" is-config="true" duration-ms="692" started-at="2019-11-15T19:33:02 IST" finished-at="2019-11-15T19:33:03 IST">
          <reporter-output>
          </reporter-output>
        </test-method> <!-- tearDown -->
        <test-method status="PASS" signature="setUp()[pri:0, instance:myproject.tests.LoginPage1Test@1f554b06]" name="setUp" is-config="true" duration-ms="7112" started-at="2019-11-15T19:33:03 IST" finished-at="2019-11-15T19:33:10 IST">
          <reporter-output>
          </reporter-output>
        </test-method> <!-- setUp -->
        <test-method status="PASS" signature="validateLoginPageTitle()[pri:0, instance:myproject.tests.LoginPage1Test@1f554b06]" name="validateLoginPageTitle" duration-ms="22" started-at="2019-11-15T19:33:10 IST" finished-at="2019-11-15T19:33:10 IST">
          <reporter-output>
          </reporter-output>
        </test-method> <!-- validateLoginPageTitle -->
        <test-method status="PASS" signature="tearDown()[pri:0, instance:myproject.tests.LoginPage1Test@1f554b06]" name="tearDown" is-config="true" duration-ms="697" started-at="2019-11-15T19:33:10 IST" finished-at="2019-11-15T19:33:11 IST">
          <reporter-output>
          </reporter-output>
        </test-method> <!-- tearDown -->
        <test-method status="PASS" signature="setUp()[pri:0, instance:myproject.tests.LoginPage1Test@1f554b06]" name="setUp" is-config="true" duration-ms="7176" started-at="2019-11-15T19:33:11 IST" finished-at="2019-11-15T19:33:18 IST">
          <reporter-output>
          </reporter-output>
        </test-method> <!-- setUp -->
        <test-method status="PASS" signature="validateLogo()[pri:0, instance:myproject.tests.LoginPage1Test@1f554b06]" name="validateLogo" duration-ms="101" started-at="2019-11-15T19:33:18 IST" finished-at="2019-11-15T19:33:18 IST">
          <reporter-output>
          </reporter-output>
        </test-method> <!-- validateLogo -->
        <test-method status="PASS" signature="tearDown()[pri:0, instance:myproject.tests.LoginPage1Test@1f554b06]" name="tearDown" is-config="true" duration-ms="703" started-at="2019-11-15T19:33:18 IST" finished-at="2019-11-15T19:33:19 IST">
          <reporter-output>
          </reporter-output>
        </test-method> <!-- tearDown -->
      </class> <!-- myproject.tests.LoginPage1Test -->
    </test> <!-- Default test -->
  </suite> <!-- Default suite -->
</testng-results>
